<?xml version="1.0" encoding="UTF-8"?>
<!-- Generated by org.testng.reporters.JUnitReportReporter -->
<testsuite hostname="Sakee" failures="0" tests="7" name="com.sample.Sample3" time="0.026" errors="1" timestamp="2024-11-05T16:09:11 IST" skipped="0">
  <testcase classname="com.sample.Sample3" name="test24" time="0.003"/>
  <testcase classname="com.sample.Sample3" name="test22" time="0.002"/>
  <testcase classname="com.sample.Sample3" name="tc31" time="0.000">
    <error message="
Parameter &#039;username&#039; is required by @Test on method tc31 but has not been marked @Optional or defined
in D:\Keerthi_Java\TestNGPrjt\testngparall.xml" type="org.testng.TestNGException">
      <![CDATA[org.testng.TestNGException: 
Parameter 'username' is required by @Test on method tc31 but has not been marked @Optional or defined
in D:\Keerthi_Java\TestNGPrjt\testngparall.xml
at org.testng.internal.Parameters.createParams(Parameters.java:264)
at org.testng.internal.Parameters.createParametersForMethod(Parameters.java:352)
at org.testng.internal.Parameters.createParameters(Parameters.java:690)
at org.testng.internal.Parameters.handleParameters(Parameters.java:885)
at org.testng.internal.Parameters.handleParameters(Parameters.java:734)
at org.testng.internal.invokers.ParameterHandler.handleParameters(ParameterHandler.java:72)
at org.testng.internal.invokers.ParameterHandler.createParameters(ParameterHandler.java:51)
at org.testng.internal.invokers.TestInvoker$MethodInvocationAgent.invoke(TestInvoker.java:946)
at org.testng.internal.invokers.TestInvoker.invokeTestMethods(TestInvoker.java:203)
at org.testng.internal.invokers.TestMethodWorker.invokeTestMethods(TestMethodWorker.java:154)
at org.testng.internal.invokers.TestMethodWorker.run(TestMethodWorker.java:134)
at java.base/java.util.concurrent.Executors$RunnableAdapter.call(Executors.java:539)
at java.base/java.util.concurrent.FutureTask.run(FutureTask.java:264)
at org.testng.internal.thread.graph.TestNGFutureTask.run(TestNGFutureTask.java:22)
at java.base/java.util.concurrent.ThreadPoolExecutor.runWorker(ThreadPoolExecutor.java:1136)
at java.base/java.util.concurrent.ThreadPoolExecutor$Worker.run(ThreadPoolExecutor.java:635)
at java.base/java.lang.Thread.run(Thread.java:840)
]]>
    </error>
  </testcase> <!-- tc31 -->
  <testcase classname="com.sample.Sample3" name="tc32" time="0.009"/>
  <testcase classname="com.sample.Sample3" name="tc33" time="0.008"/>
  <testcase classname="com.sample.Sample3" name="test23" time="0.003"/>
  <testcase classname="com.sample.Sample3" name="test25" time="0.001"/>
</testsuite> <!-- com.sample.Sample3 -->
